生成启动时间为 2016/6/8 17:14:44。
     1>项目“D:\workspace\white_board\white_board_client\white_board_client.vcxproj”在节点 2 上(Build 个目标)。
     1>ClCompile:
         C:\Program Files (x86)\Microsoft Visual Studio 12.0\VC\bin\CL.exe /c /ZI /nologo /W3 /WX- /sdl- /Od /Oy- /D _MBCS /Gm /EHsc /RTC1 /MDd /GS /fp:precise /Zc:wchar_t /Zc:forScope /Fo"Debug\\" /Fd"Debug\vc120.pdb" /Gd /TP /analyze- /errorReport:prompt ..\frame_work\ResPonseThread.cpp ..\frame_work\SocketThread.cpp ..\main\run.cpp
         run.cpp
         SocketThread.cpp
         ResPonseThread.cpp
         正在生成代码...
       Link:
         C:\Program Files (x86)\Microsoft Visual Studio 12.0\VC\bin\link.exe /ERRORREPORT:PROMPT /OUT:"D:\workspace\white_board\Debug\white_board_client.exe" /INCREMENTAL /NOLOGO pthreadVC2.lib kernel32.lib user32.lib gdi32.lib winspool.lib comdlg32.lib advapi32.lib shell32.lib ole32.lib oleaut32.lib uuid.lib odbc32.lib odbccp32.lib /MANIFEST /MANIFESTUAC:"level='asInvoker' uiAccess='false'" /manifest:embed /DEBUG /PDB:"D:\workspace\white_board\Debug\white_board_client.pdb" /TLBID:1 /DYNAMICBASE /NXCOMPAT /IMPLIB:"D:\workspace\white_board\Debug\white_board_client.lib" /MACHINE:X86 Debug\Buffer.obj
         Debug\CircularBuffer.obj
         Debug\Mutex.obj
         Debug\NetPacket.obj
         Debug\ODSocket.obj
         Debug\ResPonseThread.obj
         Debug\SocketThread.obj
         Debug\run.obj
         white_board_client.vcxproj -> D:\workspace\white_board\Debug\white_board_client.exe
     1>已完成生成项目“D:\workspace\white_board\white_board_client\white_board_client.vcxproj”(Build 个目标)的操作。

生成成功。

已用时间 00:00:01.97
