d:\workspace\white_board\white_board_client\debug\vc120.pdb
d:\workspace\white_board\white_board_client\debug\vc120.idb
d:\workspace\white_board\white_board_client\debug\packethandle.obj
d:\workspace\white_board\white_board_client\debug\buffer.obj
d:\workspace\white_board\white_board_client\debug\circularbuffer.obj
d:\workspace\white_board\white_board_client\debug\mutex.obj
d:\workspace\white_board\white_board_client\debug\netpacket.obj
d:\workspace\white_board\white_board_client\debug\odsocket.obj
d:\workspace\white_board\white_board_client\debug\responsethread.obj
d:\workspace\white_board\white_board_client\debug\socketthread.obj
d:\workspace\white_board\white_board_client\debug\run.obj
d:\workspace\white_board\white_board_client\debug\enterroom.pb.obj
d:\workspace\white_board\white_board_client\debug\errorresp.pb.obj
d:\workspace\white_board\white_board_client\debug\login.pb.obj
d:\workspace\white_board\white_board_client\debug\removeshape.pb.obj
d:\workspace\white_board\white_board_client\debug\whiteboardmessage.pb.obj
d:\workspace\white_board\debug\white_board_client.ilk
d:\workspace\white_board\debug\white_board_client.exe
d:\workspace\white_board\debug\white_board_client.pdb
d:\workspace\white_board\white_board_client\debug\white_bo.5640a5bf.tlog\cl.command.1.tlog
d:\workspace\white_board\white_board_client\debug\white_bo.5640a5bf.tlog\cl.read.1.tlog
d:\workspace\white_board\white_board_client\debug\white_bo.5640a5bf.tlog\cl.write.1.tlog
d:\workspace\white_board\white_board_client\debug\white_bo.5640a5bf.tlog\link.command.1.tlog
d:\workspace\white_board\white_board_client\debug\white_bo.5640a5bf.tlog\link.read.1.tlog
d:\workspace\white_board\white_board_client\debug\white_bo.5640a5bf.tlog\link.write.1.tlog
